<?xml version="1.0" encoding="UTF-8" ?>
<testsuite tests="3" failures="0" name="com.solucionfactible.dev.ValidatePINTest" time="0.004" errors="0" skipped="0">
  <properties>
[...]
</properties>
  <testcase classname="com.solucionfactible.dev.ValidatePINTest" name="validPins" time="0.001"/>
  <testcase classname="com.solucionfactible.dev.ValidatePINTest" name="invalidLengths" time="0.002"/>
  <testcase classname="com.solucionfactible.dev.ValidatePINTest" name="nonDigitCharacters" time="0.001"/>
</testsuite>